<?xml version="1.0" encoding="UTF-8"?>
<!-- Generated by org.testng.reporters.JUnitReportReporter -->
<testsuite skipped="0" hostname="ASUS-K53SM" name="in.tripadvisor.testscripts.WriteAReviewTest" tests="1" failures="0" timestamp="02 Feb 2020 07:35:00 GMT" time="65.737" errors="0">
  <testcase name="tc_001_writeAndSubmitReview" time="65.737" classname="in.tripadvisor.testscripts.WriteAReviewTest"/>
</testsuite> <!-- in.tripadvisor.testscripts.WriteAReviewTest -->
